<?xml version="1.0" encoding="UTF-8"?>
<!-- Generated by org.testng.reporters.JUnitReportReporter -->
<testsuite hostname="EPPLKRAW0119" name="tests.GroupsDepsTests" tests="7" failures="0" timestamp="22 Feb 2015 17:12:29 GMT" time="0.007" errors="1">
  <testcase name="checkMultiplication" time="0.000" classname="tests.GroupsDepsTests">
    <error type="java.lang.AssertionError" message="expected [1.0] but found [0.0]">
      <![CDATA[java.lang.AssertionError: expected [1.0] but found [0.0]
	at org.testng.Assert.fail(Assert.java:94)
	at org.testng.Assert.failNotEquals(Assert.java:494)
	at org.testng.Assert.assertEquals(Assert.java:123)
	at org.testng.Assert.assertEquals(Assert.java:165)
	at tests.GroupsDepsTests.checkMultiplication(GroupsDepsTests.java:36)
	at sun.reflect.NativeMethodAccessorImpl.invoke0(Native Method)
	at sun.reflect.NativeMethodAccessorImpl.invoke(Unknown Source)
	at sun.reflect.DelegatingMethodAccessorImpl.invoke(Unknown Source)
	at java.lang.reflect.Method.invoke(Unknown Source)
	at org.testng.internal.MethodInvocationHelper.invokeMethod(MethodInvocationHelper.java:84)
	at org.testng.internal.Invoker.invokeMethod(Invoker.java:714)
	at org.testng.internal.Invoker.invokeTestMethod(Invoker.java:901)
	at org.testng.internal.Invoker.invokeTestMethods(Invoker.java:1231)
	at org.testng.internal.TestMethodWorker.invokeTestMethods(TestMethodWorker.java:127)
	at org.testng.internal.TestMethodWorker.run(TestMethodWorker.java:111)
	at java.util.concurrent.ThreadPoolExecutor.runWorker(Unknown Source)
	at java.util.concurrent.ThreadPoolExecutor$Worker.run(Unknown Source)
	at java.lang.Thread.run(Unknown Source)
]]>
    </error>
  </testcase> <!-- checkMultiplication -->
  <testcase name="checkSubstraction" time="0.001" classname="tests.GroupsDepsTests"/>
  <testcase name="checkMultiplication" time="0.001" classname="tests.GroupsDepsTests"/>
  <testcase name="checkMultiplication" time="0.002" classname="tests.GroupsDepsTests"/>
  <testcase name="checkDivisionByZero" time="0.001" classname="tests.GroupsDepsTests"/>
  <testcase name="checkMultiplication" time="0.001" classname="tests.GroupsDepsTests"/>
  <testcase name="checkAddition" time="0.001" classname="tests.GroupsDepsTests"/>
</testsuite> <!-- tests.GroupsDepsTests -->
